<?xml version="1.0" encoding="UTF-8"?>
<robot generator="Robot 7.2.2 (Python 3.13.3 on win32)" generated="2025-06-03T15:26:08.310948" rpa="false" schemaversion="5">
<suite id="s1" name="Login" source="C:\Projeto_robot\automacao_Web_a-ai\test_case\login.robot">
<test id="s1-t1" name="CenÃ¡rio 1: Realizar Login no autenticator" line="10">
<kw name="efetuar login autenticator" owner="setup_teardown" type="SETUP">
<kw name="abrir site" owner="setup_teardown">
<kw name="Open Browser" owner="SeleniumLibrary">
<msg time="2025-06-03T15:26:08.655431" level="INFO">Opening browser 'chrome' to base url 'https://hml.franqueadosthebest.com'.</msg>
<arg>https://hml.franqueadosthebest.com</arg>
<arg>chrome</arg>
<doc>Opens a new browser instance to the optional ``url``.</doc>
<status status="PASS" start="2025-06-03T15:26:08.655186" elapsed="6.681838"/>
</kw>
<kw name="Maximize Browser Window" owner="SeleniumLibrary">
<doc>Maximizes current browser window.</doc>
<status status="PASS" start="2025-06-03T15:26:15.337461" elapsed="0.038996"/>
</kw>
<status status="PASS" start="2025-06-03T15:26:08.654169" elapsed="6.722553"/>
</kw>
<kw name="estou na pagina da autenticator" owner="login">
<kw name="Wait Until Element Is Visible" owner="SeleniumLibrary">
<arg>${CAMPO_USUARIO}</arg>
<doc>Waits until the element ``locator`` is visible.</doc>
<status status="PASS" start="2025-06-03T15:26:15.378131" elapsed="0.181686"/>
</kw>
<status status="PASS" start="2025-06-03T15:26:15.377159" elapsed="0.182768"/>
</kw>
<kw name="digito o login do usuario" owner="login">
<kw name="Wait Until Element Is Visible" owner="SeleniumLibrary">
<arg>${CAMPO_USUARIO}</arg>
<doc>Waits until the element ``locator`` is visible.</doc>
<status status="PASS" start="2025-06-03T15:26:15.560516" elapsed="0.016055"/>
</kw>
<kw name="Click Element" owner="SeleniumLibrary">
<msg time="2025-06-03T15:26:15.576926" level="INFO">Clicking element 'id=email'.</msg>
<arg>${CAMPO_USUARIO}</arg>
<doc>Click the element identified by ``locator``.</doc>
<status status="PASS" start="2025-06-03T15:26:15.576735" elapsed="0.075046"/>
</kw>
<kw name="Input Text" owner="SeleniumLibrary">
<msg time="2025-06-03T15:26:15.652717" level="INFO">Typing text 'nereunogueira@ogrupothebest.com' into text field 'id=email'.</msg>
<arg>${CAMPO_USUARIO}</arg>
<arg>${USUARIO.EMAIL}</arg>
<doc>Types the given ``text`` into the text field identified by ``locator``.</doc>
<status status="PASS" start="2025-06-03T15:26:15.651962" elapsed="0.196744"/>
</kw>
<status status="PASS" start="2025-06-03T15:26:15.560145" elapsed="0.288693"/>
</kw>
<kw name="clico no botao continuar" owner="login">
<kw name="Wait Until Element Is Visible" owner="SeleniumLibrary">
<arg>${BTN_CONTINUAR}</arg>
<doc>Waits until the element ``locator`` is visible.</doc>
<status status="PASS" start="2025-06-03T15:26:15.849242" elapsed="0.017731"/>
</kw>
<kw name="Click Element" owner="SeleniumLibrary">
<msg time="2025-06-03T15:26:15.867475" level="INFO">Clicking element '//*[@id="root"]/div/div[1]/div[1]/form/button/span'.</msg>
<arg>${BTN_CONTINUAR}</arg>
<doc>Click the element identified by ``locator``.</doc>
<status status="PASS" start="2025-06-03T15:26:15.867136" elapsed="0.076565"/>
</kw>
<status status="PASS" start="2025-06-03T15:26:15.848993" elapsed="0.094827"/>
</kw>
<kw name="digito a senha" owner="login">
<kw name="Wait Until Element Is Visible" owner="SeleniumLibrary">
<arg>${CAMPO_PASSWORD}</arg>
<doc>Waits until the element ``locator`` is visible.</doc>
<status status="PASS" start="2025-06-03T15:26:15.944434" elapsed="0.756122"/>
</kw>
<kw name="Click Element" owner="SeleniumLibrary">
<msg time="2025-06-03T15:26:16.701479" level="INFO">Clicking element 'id=password'.</msg>
<arg>${CAMPO_PASSWORD}</arg>
<doc>Click the element identified by ``locator``.</doc>
<status status="PASS" start="2025-06-03T15:26:16.700988" elapsed="0.162460"/>
</kw>
<kw name="Input Text" owner="SeleniumLibrary">
<msg time="2025-06-03T15:26:16.863942" level="INFO">Typing text '123456' into text field 'id=password'.</msg>
<arg>${CAMPO_PASSWORD}</arg>
<arg>${USUARIO}[PASSWORD]</arg>
<doc>Types the given ``text`` into the text field identified by ``locator``.</doc>
<status status="PASS" start="2025-06-03T15:26:16.863673" elapsed="0.066879"/>
</kw>
<status status="PASS" start="2025-06-03T15:26:15.944027" elapsed="0.986689"/>
</kw>
<kw name="clico no botao conectar" owner="login">
<kw name="Wait Until Element Is Visible" owner="SeleniumLibrary">
<arg>${CONECTAR}</arg>
<doc>Waits until the element ``locator`` is visible.</doc>
<status status="PASS" start="2025-06-03T15:26:16.931348" elapsed="0.020711"/>
</kw>
<kw name="Click Element" owner="SeleniumLibrary">
<msg time="2025-06-03T15:26:16.952655" level="INFO">Clicking element '//*[@id="root"]/div/div/div[1]/form/button/span'.</msg>
<msg time="2025-06-03T15:26:17.973605" level="INFO" html="true">&lt;/td&gt;&lt;/tr&gt;&lt;tr&gt;&lt;td colspan="3"&gt;&lt;a href="selenium-screenshot-1.png"&gt;&lt;img src="selenium-screenshot-1.png" width="800px"&gt;&lt;/a&gt;</msg>
<msg time="2025-06-03T15:26:17.973865" level="FAIL">ElementNotInteractableException: Message: element not interactable
  (Session info: chrome=137.0.7151.55)
Stacktrace:
	GetHandleVerifier [0x0x7ff7f288fea5+79173]
	GetHandleVerifier [0x0x7ff7f288ff00+79264]
	(No symbol) [0x0x7ff7f2649c8c]
	(No symbol) [0x0x7ff7f26a1a84]
	(No symbol) [0x0x7ff7f2693464]
	(No symbol) [0x0x7ff7f26c896a]
	(No symbol) [0x0x7ff7f2692d16]
	(No symbol) [0x0x7ff7f26c8b80]
	(No symbol) [0x0x7ff7f26f100d]
	(No symbol) [0x0x7ff7f26c8743]
	(No symbol) [0x0x7ff7f26914c1]
	(No symbol) [0x0x7ff7f2692253]
	GetHandleVerifier [0x0x7ff7f2b5a2dd+3004797]
	GetHandleVerifier [0x0x7ff7f2b5472d+2981325]
	GetHandleVerifier [0x0x7ff7f2b73380+3107360]
	GetHandleVerifier [0x0x7ff7f28aaa2e+188622]
	GetHandleVerifier [0x0x7ff7f28b22bf+219487]
	GetHandleVerifier [0x0x7ff7f2898df4+115860]
	GetHandleVerifier [0x0x7ff7f2898fa9+116297]
	GetHandleVerifier [0x0x7ff7f287f558+11256]
	BaseThreadInitThunk [0x0x7ffabd1ee8d7+23]
	RtlUserThreadStart [0x0x7ffabda3c34c+44]
</msg>
<arg>${CONECTAR}</arg>
<doc>Click the element identified by ``locator``.</doc>
<status status="FAIL" start="2025-06-03T15:26:16.952298" elapsed="1.223195">ElementNotInteractableException: Message: element not interactable
  (Session info: chrome=137.0.7151.55)
Stacktrace:
	GetHandleVerifier [0x0x7ff7f288fea5+79173]
	GetHandleVerifier [0x0x7ff7f288ff00+79264]
	(No symbol) [0x0x7ff7f2649c8c]
	(No symbol) [0x0x7ff7f26a1a84]
	(No symbol) [0x0x7ff7f2693464]
	(No symbol) [0x0x7ff7f26c896a]
	(No symbol) [0x0x7ff7f2692d16]
	(No symbol) [0x0x7ff7f26c8b80]
	(No symbol) [0x0x7ff7f26f100d]
	(No symbol) [0x0x7ff7f26c8743]
	(No symbol) [0x0x7ff7f26914c1]
	(No symbol) [0x0x7ff7f2692253]
	GetHandleVerifier [0x0x7ff7f2b5a2dd+3004797]
	GetHandleVerifier [0x0x7ff7f2b5472d+2981325]
	GetHandleVerifier [0x0x7ff7f2b73380+3107360]
	GetHandleVerifier [0x0x7ff7f28aaa2e+188622]
	GetHandleVerifier [0x0x7ff7f28b22bf+219487]
	GetHandleVerifier [0x0x7ff7f2898df4+115860]
	GetHandleVerifier [0x0x7ff7f2898fa9+116297]
	GetHandleVerifier [0x0x7ff7f287f558+11256]
	BaseThreadInitThunk [0x0x7ffabd1ee8d7+23]
	RtlUserThreadStart [0x0x7ffabda3c34c+44]
</status>
</kw>
<status status="FAIL" start="2025-06-03T15:26:16.930960" elapsed="1.245064">ElementNotInteractableException: Message: element not interactable
  (Session info: chrome=137.0.7151.55)
Stacktrace:
	GetHandleVerifier [0x0x7ff7f288fea5+79173]
	GetHandleVerifier [0x0x7ff7f288ff00+79264]
	(No symbol) [0x0x7ff7f2649c8c]
	(No symbol) [0x0x7ff7f26a1a84]
	(No symbol) [0x0x7ff7f2693464]
	(No symbol) [0x0x7ff7f26c896a]
	(No symbol) [0x0x7ff7f2692d16]
	(No symbol) [0x0x7ff7f26c8b80]
	(No symbol) [0x0x7ff7f26f100d]
	(No symbol) [0x0x7ff7f26c8743]
	(No symbol) [0x0x7ff7f26914c1]
	(No symbol) [0x0x7ff7f2692253]
	GetHandleVerifier [0x0x7ff7f2b5a2dd+3004797]
	GetHandleVerifier [0x0x7ff7f2b5472d+2981325]
	GetHandleVerifier [0x0x7ff7f2b73380+3107360]
	GetHandleVerifier [0x0x7ff7f28aaa2e+188622]
	GetHandleVerifier [0x0x7ff7f28b22bf+219487]
	GetHandleVerifier [0x0x7ff7f2898df4+115860]
	GetHandleVerifier [0x0x7ff7f2898fa9+116297]
	GetHandleVerifier [0x0x7ff7f287f558+11256]
	BaseThreadInitThunk [0x0x7ffabd1ee8d7+23]
	RtlUserThreadStart [0x0x7ffabda3c34c+44]
</status>
</kw>
<kw name="vejo a pagina inicial" owner="login">
<status status="NOT RUN" start="2025-06-03T15:26:18.176827" elapsed="0.000097"/>
</kw>
<status status="FAIL" start="2025-06-03T15:26:08.653294" elapsed="9.523939">ElementNotInteractableException: Message: element not interactable
  (Session info: chrome=137.0.7151.55)
Stacktrace:
	GetHandleVerifier [0x0x7ff7f288fea5+79173]
	GetHandleVerifier [0x0x7ff7f288ff00+79264]
	(No symbol) [0x0x7ff7f2649c8c]
	(No symbol) [0x0x7ff7f26a1a84]
	(No symbol) [0x0x7ff7f2693464]
	(No symbol) [0x0x7ff7f26c896a]
	(No symbol) [0x0x7ff7f2692d16]
	(No symbol) [0x0x7ff7f26c8b80]
	(No symbol) [0x0x7ff7f26f100d]
	(No symbol) [0x0x7ff7f26c8743]
	(No symbol) [0x0x7ff7f26914c1]
	(No symbol) [0x0x7ff7f2692253]
	GetHandleVerifier [0x0x7ff7f2b5a2dd+3004797]
	GetHandleVerifier [0x0x7ff7f2b5472d+2981325]
	GetHandleVerifier [0x0x7ff7f2b73380+3107360]
	GetHandleVerifier [0x0x7ff7f28aaa2e+188622]
	GetHandleVerifier [0x0x7ff7f28b22bf+219487]
	GetHandleVerifier [0x0x7ff7f2898df4+115860]
	GetHandleVerifier [0x0x7ff7f2898fa9+116297]
	GetHandleVerifier [0x0x7ff7f287f558+11256]
	BaseThreadInitThunk [0x0x7ffabd1ee8d7+23]
	RtlUserThreadStart [0x0x7ffabda3c34c+44]
</status>
</kw>
<kw name="fechar navegador" owner="setup_teardown" type="TEARDOWN">
<kw name="Sleep" owner="BuiltIn">
<msg time="2025-06-03T15:26:38.180772" level="INFO">Slept 20 seconds.</msg>
<arg>20s</arg>
<doc>Pauses the test executed for the given time.</doc>
<status status="PASS" start="2025-06-03T15:26:18.179121" elapsed="20.001998"/>
</kw>
<kw name="Close All Browsers" owner="SeleniumLibrary">
<doc>Closes all open browsers and resets the browser cache.</doc>
<status status="PASS" start="2025-06-03T15:26:38.181658" elapsed="2.378775"/>
</kw>
<status status="PASS" start="2025-06-03T15:26:18.178476" elapsed="22.382212"/>
</kw>
<tag>login</tag>
<status status="FAIL" start="2025-06-03T15:26:08.651736" elapsed="31.909623">Setup failed:
ElementNotInteractableException: Message: element not interactable
  (Session info: chrome=137.0.7151.55)
Stacktrace:
	GetHandleVerifier [0x0x7ff7f288fea5+79173]
	GetHandleVerifier [0x0x7ff7f288ff00+79264]
	(No symbol) [0x0x7ff7f2649c8c]
	(No symbol) [0x0x7ff7f26a1a84]
	(No symbol) [0x0x7ff7f2693464]
	(No symbol) [0x0x7ff7f26c896a]
	(No symbol) [0x0x7ff7f2692d16]
	(No symbol) [0x0x7ff7f26c8b80]
	(No symbol) [0x0x7ff7f26f100d]
	(No symbol) [0x0x7ff7f26c8743]
	(No symbol) [0x0x7ff7f26914c1]
	(No symbol) [0x0x7ff7f2692253]
	GetHandleVerifier [0x0x7ff7f2b5a2dd+3004797]
	GetHandleVerifier [0x0x7ff7f2b5472d+2981325]
	GetHandleVerifier [0x0x7ff7f2b73380+3107360]
	GetHandleVerifier [0x0x7ff7f28aaa2e+188622]
	GetHandleVerifier [0x0x7ff7f28b22bf+219487]
	GetHandleVerifier [0x0x7ff7f2898df4+115860]
	GetHandleVerifier [0x0x7ff7f2898fa9+116297]
	GetHandleVerifier [0x0x7ff7f287f558+11256]
	BaseThreadInitThunk [0x0x7ffabd1ee8d7+23]
	RtlUserThreadStart [0x0x7ffabda3c34c+44]
</status>
</test>
<status status="FAIL" start="2025-06-03T15:26:08.313516" elapsed="32.252734"/>
</suite>
<statistics>
<total>
<stat pass="0" fail="1" skip="0">All Tests</stat>
</total>
<tag>
<stat pass="0" fail="1" skip="0">login</stat>
</tag>
<suite>
<stat name="Login" id="s1" pass="0" fail="1" skip="0">Login</stat>
</suite>
</statistics>
<errors>
</errors>
</robot>
